<?xml version="1.0" encoding="utf-8"?><testsuites name="pytest tests"><testsuite name="pytest" errors="0" failures="0" skipped="0" tests="16" time="14.068" timestamp="2026-05-13T01:06:42.868814+00:00" hostname="agent-env-f932911b-1af7-44a0-97d7-58190be7e4ba"><testcase classname="backend.tests.backend_test.TestGameState" name="test_root" time="0.312" /><testcase classname="backend.tests.backend_test.TestGameState" name="test_state_shape" time="0.061" /><testcase classname="backend.tests.backend_test.TestGameState" name="test_force_tick" time="0.120" /><testcase classname="backend.tests.backend_test.TestParcels" name="test_buy_parcel" time="0.292" /><testcase classname="backend.tests.backend_test.TestParcels" name="test_buy_unknown" time="0.061" /><testcase classname="backend.tests.backend_test.TestParcels" name="test_plant_irrigate_fertilize_herbicide" time="0.308" /><testcase classname="backend.tests.backend_test.TestParcels" name="test_plant_invalid_crop" time="0.060" /><testcase classname="backend.tests.backend_test.TestParcels" name="test_harvest_not_mature" time="0.059" /><testcase classname="backend.tests.backend_test.TestMarketAndResources" name="test_buy_water" time="0.194" /><testcase classname="backend.tests.backend_test.TestMarketAndResources" name="test_buy_unknown_resource" time="0.080" /><testcase classname="backend.tests.backend_test.TestMarketAndResources" name="test_sell_insufficient" time="0.064" /><testcase classname="backend.tests.backend_test.TestMarketAndResources" name="test_fulfill_unknown_contract" time="0.060" /><testcase classname="backend.tests.backend_test.TestPremium" name="test_status" time="0.064" /><testcase classname="backend.tests.backend_test.TestPremium" name="test_subscribe_pending" time="0.061" /><testcase classname="backend.tests.backend_test.TestAnalytics" name="test_analytics" time="0.060" /><testcase classname="backend.tests.backend_test.TestAutoTick" name="test_auto_tick_advances" time="12.128" /></testsuite></testsuites>