<?xml version="1.0" encoding="utf-8"?><testsuites name="pytest tests"><testsuite name="pytest" errors="0" failures="0" skipped="0" tests="11" time="3.521" timestamp="2026-05-13T01:22:12.765641+00:00" hostname="agent-env-f932911b-1af7-44a0-97d7-58190be7e4ba"><testcase classname="backend.tests.test_missions" name="test_missions_list_endpoint" time="0.475" /><testcase classname="backend.tests.test_missions" name="test_missions_day1_deterministic" time="0.180" /><testcase classname="backend.tests.test_missions" name="test_game_state_includes_missions_and_level" time="0.169" /><testcase classname="backend.tests.test_missions" name="test_irrigate_progresses_irrigate_3" time="0.511" /><testcase classname="backend.tests.test_missions" name="test_claim_irrigate_3_rewards_and_state" time="0.652" /><testcase classname="backend.tests.test_missions" name="test_claim_twice_returns_400" time="0.087" /><testcase classname="backend.tests.test_missions" name="test_claim_not_completed_returns_400" time="0.187" /><testcase classname="backend.tests.test_missions" name="test_claim_nonexistent_returns_404" time="0.090" /><testcase classname="backend.tests.test_missions" name="test_fertilize_progresses_fert_2" time="0.282" /><testcase classname="backend.tests.test_missions" name="test_buy_water_water_purchased_stat" time="0.446" /><testcase classname="backend.tests.test_missions" name="test_market_sell_progresses_sells_qty" time="0.268" /></testsuite></testsuites>